<?xml version="1.0" encoding="UTF-8"?>
<!-- Generated by org.testng.reporters.JUnitReportReporter -->
<testsuite skipped="0" hostname="TVT-A-EC-729" name="Adminui.Adminui.Test_czentrix" tests="1" failures="0" timestamp="10 Apr 2020 16:09:57 GMT" time="0.004" errors="0">
  <testcase name="license" time="0.004" classname="Adminui.Adminui.Test_czentrix"/>
</testsuite> <!-- Adminui.Adminui.Test_czentrix -->
